\BOOKMARK [0][-]{chapter*.1}{Preface}{}% 1
\BOOKMARK [0][-]{chapter*.2}{Abstract}{}% 2
\BOOKMARK [0][-]{chapter.1}{Introduction}{}% 3
\BOOKMARK [1][-]{section.1.1}{Application of GNSS technology to Lunar navigaton}{chapter.1}% 4
\BOOKMARK [1][-]{section.1.2}{Research objectives and motivation}{chapter.1}% 5
\BOOKMARK [1][-]{section.1.3}{Overview of Navigation Simulator}{chapter.1}% 6
\BOOKMARK [1][-]{section.1.4}{Outline}{chapter.1}% 7
\BOOKMARK [0][-]{chapter.2}{PECMEO for Lunar navigation}{}% 8
\BOOKMARK [1][-]{section.2.1}{LuNNaC}{chapter.2}% 9
\BOOKMARK [2][-]{subsection.2.1.1}{One-way ranging: multiple access and on-board processing}{section.2.1}% 10
\BOOKMARK [2][-]{subsection.2.1.2}{Usage of GNSS for ephemeris generation}{section.2.1}% 11
\BOOKMARK [1][-]{section.2.2}{Constellation design}{chapter.2}% 12
\BOOKMARK [2][-]{subsection.2.2.1}{Design space}{section.2.2}% 13
\BOOKMARK [2][-]{subsection.2.2.2}{Navigation geometry}{section.2.2}% 14
\BOOKMARK [2][-]{subsection.2.2.3}{Constellation optimization}{section.2.2}% 15
\BOOKMARK [1][-]{section.2.3}{Assumptions on implementation}{chapter.2}% 16
\BOOKMARK [2][-]{subsection.2.3.1}{Signal specifications}{section.2.3}% 17
\BOOKMARK [2][-]{subsection.2.3.2}{Effective isotropic radiated power}{section.2.3}% 18
\BOOKMARK [1][-]{section.2.4}{Navigation alternatives}{chapter.2}% 19
\BOOKMARK [2][-]{subsection.2.4.1}{Ground based ranging}{section.2.4}% 20
\BOOKMARK [2][-]{subsection.2.4.2}{Terrain relative navigation}{section.2.4}% 21
\BOOKMARK [0][-]{chapter.3}{Orbit simulation and clock propagation}{}% 22
\BOOKMARK [1][-]{section.3.1}{Reference frame definitions}{chapter.3}% 23
\BOOKMARK [1][-]{section.3.2}{Satellite state propagation}{chapter.3}% 24
\BOOKMARK [1][-]{section.3.3}{Propagation of local time and clock of a Lunar satellite}{chapter.3}% 25
\BOOKMARK [1][-]{section.3.4}{Determination of measurement times}{chapter.3}% 26
\BOOKMARK [0][-]{chapter.4}{Ranging observations}{}% 27
\BOOKMARK [1][-]{section.4.1}{Obervation types}{chapter.4}% 28
\BOOKMARK [2][-]{subsection.4.1.1}{Code measurements}{section.4.1}% 29
\BOOKMARK [2][-]{subsection.4.1.2}{Phase measurements}{section.4.1}% 30
\BOOKMARK [1][-]{section.4.2}{Line of sight}{chapter.4}% 31
\BOOKMARK [2][-]{subsection.4.2.1}{Signal blockage}{section.4.2}% 32
\BOOKMARK [2][-]{subsection.4.2.2}{Ionospheric measurements}{section.4.2}% 33
\BOOKMARK [1][-]{section.4.3}{Measurement Noise}{chapter.4}% 34
\BOOKMARK [2][-]{subsection.4.3.1}{Link budget}{section.4.3}% 35
\BOOKMARK [2][-]{subsection.4.3.2}{Relation between error and signal strength}{section.4.3}% 36
\BOOKMARK [0][-]{chapter.5}{Navigation algorithms}{}% 37
\BOOKMARK [1][-]{section.5.1}{Point positioning}{chapter.5}% 38
\BOOKMARK [1][-]{section.5.2}{Kinematic least squares}{chapter.5}% 39
\BOOKMARK [0][-]{chapter.6}{Conclusions and Outlook}{}% 40
\BOOKMARK [0][-]{appendix.A}{Universal constants and celestial properties}{}% 41
\BOOKMARK [0][-]{appendix.B}{Software dependecies}{}% 42
\BOOKMARK [0][-]{appendix.C}{Implementation of Kepler orbits}{}% 43
